Processing triggers for libc-bin (2.24-9ubuntu2.2) ...
-- The C compiler identification is GNU 6.3.0
-- The CXX compiler identification is GNU 6.3.0
-- Check for working C compiler: /usr/bin/cc
-- Check for working C compiler: /usr/bin/cc -- works
-- Detecting C compiler ABI info
-- Detecting C compiler ABI info - done
-- Detecting C compile features
-- Detecting C compile features - done
-- Check for working CXX compiler: /usr/bin/c++
-- Check for working CXX compiler: /usr/bin/c++ -- works
-- Detecting CXX compiler ABI info
-- Detecting CXX compiler ABI info - done
-- Detecting CXX compile features
-- Detecting CXX compile features - done
-- Found PkgConfig: /usr/bin/pkg-config (found version "0.29.1") 
-- Checking for one of the modules 'std_msgs'
-- Configuring done
-- Generating done
-- Build files have been written to: /home/ubuntu/vagrant/test_project/build
Scanning dependencies of target main
[ 50%] Building CXX object CMakeFiles/main.dir/main.cpp.o
[100%] Linking CXX executable main
/usr/bin/ld: cannot find -l:/usr/lib/x86_64-linux-gnu/libboost_date_time.so
/usr/bin/ld: cannot find -l:/usr/lib/x86_64-linux-gnu/libboost_system.so
/usr/bin/ld: cannot find -l:/usr/lib/x86_64-linux-gnu/libboost_thread.so
/usr/bin/ld: cannot find -l:/usr/lib/x86_64-linux-gnu/libboost_chrono.so
/usr/bin/ld: cannot find -l:/usr/lib/x86_64-linux-gnu/libboost_atomic.so
/usr/bin/ld: cannot find -l:/usr/lib/x86_64-linux-gnu/libpthread.so
/usr/bin/ld: cannot find -l:/usr/lib/x86_64-linux-gnu/libboost_system.so
/usr/bin/ld: cannot find -l:/usr/lib/x86_64-linux-gnu/libboost_thread.so
/usr/bin/ld:
 cannot find -l:/usr/lib/x86_64-linux-gnu/libboost_chrono.so
/usr/bin/ld: cannot find -l:/usr/lib/x86_64-linux-gnu/libboost_date_time.so
/usr/bin/ld: cannot find -l:/usr/lib/x86_64-linux-gnu/libboost_atomic.so
/usr/bin/ld: cannot find -l:/usr/lib/x86_64-linux-gnu/libpthread.so
/usr/bin/ld: cannot find
 -l:/usr/lib/x86_64-linux-gnu/libconsole_bridge.so
/usr/bin/ld: cannot find -l:/usr/lib/x86_64-linux-gnu/libconsole_bridge.so
collect2: error: ld returned 1 exit status
CMakeFiles/main.dir/build.make:94: recipe for target 'main' failed
make[2]: *** [main] Error 1
CMakeFiles/Makefile2:67: recipe for target 'CMakeFiles/main.dir/all' failed
make[1]: *** [CMakeFiles/main.dir/all] Error 2
Makefile:83: recipe for target 'all' failed
make: *** [all] Error 2
